2023-03-31 12:35:30 DEBUG:busco.run_BUSCO	Command line: /usr/local/bin/busco --cpu 2 --in input_seqs --out iyVesGerm1-insecta_odb10-busco --out_path /lustre/scratch124/tol/projects/darwin/users/kk16/development/nextflow/dev/genomeassembly/./workflows/../subworkflows/local/../../modules/nf-core/busco --lineage_dataset /lustre/scratch123/tol/resources/busco/v5/lineages/insecta_odb10 --mode genome
2023-03-31 12:35:30 INFO:busco.run_BUSCO	***** Start a BUSCO v5.4.3 analysis, current time: 03/31/2023 12:35:30 *****
2023-03-31 12:35:30 DEBUG:busco.ConfigManager	Getting config file
2023-03-31 12:35:30 INFO:busco.ConfigManager	Configuring BUSCO with local environment
2023-03-31 12:35:30 INFO:busco.BuscoConfig	Mode is genome
2023-03-31 12:35:30 INFO:busco.BuscoDownloadManager	Downloading information on latest versions of BUSCO data...
2023-03-31 12:35:32 DEBUG:busco.BuscoConfig	State of BUSCO config before run:
2023-03-31 12:35:32 DEBUG:busco.BuscoConfig	{'_allow_no_value': False,
 '_comment_prefixes': ('#', ';'),
 '_converters': <configparser.ConverterMapping object at 0x7fb477f15910>,
 '_defaults': {},
 '_delimiters': ('=', ':'),
 '_dict': <class 'dict'>,
 '_empty_lines_in_values': True,
 '_inline_comment_prefixes': (),
 '_input_filepath': '/lustre/scratch124/tol/projects/darwin/users/kk16/development/nextflow/dev/genomeassembly/work/06/5d8ceb4658862a248b20dcc4c3b27a/input_seqs',
 '_interpolation': <configparser.BasicInterpolation object at 0x7fb5002eda60>,
 '_mode': 'genome',
 '_optcre': re.compile('\n        (?P<option>.*?)                    # very permissive!\n        \\s*(?P<vi>=|:)\\s*              # any number of space/tab,\n                                           # followed by any of t, re.VERBOSE),
 '_proxies': {'DEFAULT': <Section: DEFAULT>,
              'augustus': <Section: augustus>,
              'bbtools': <Section: bbtools>,
              'busco_run': <Section: busco_run>,
              'etraining': <Section: etraining>,
              'gff2gbSmallDNA.pl': <Section: gff2gbSmallDNA.pl>,
              'hmmsearch': <Section: hmmsearch>,
              'makeblastdb': <Section: makeblastdb>,
              'metaeuk': <Section: metaeuk>,
              'new_species.pl': <Section: new_species.pl>,
              'optimize_augustus.pl': <Section: optimize_augustus.pl>,
              'prodigal': <Section: prodigal>,
              'sepp': <Section: sepp>,
              'tblastn': <Section: tblastn>},
 '_sections': {'augustus': {'command': '', 'path': ''},
               'bbtools': {'command': '', 'path': ''},
               'busco_run': {'auto-lineage': 'False',
                             'auto-lineage-euk': 'False',
                             'auto-lineage-prok': 'False',
                             'batch_mode': 'True',
                             'cpu': '2',
                             'datasets_version': 'odb10',
                             'download_base_url': 'https://busco-data.ezlab.org/v5/data/',
                             'download_path': '/lustre/scratch124/tol/projects/darwin/users/kk16/development/nextflow/dev/genomeassembly/work/06/5d8ceb4658862a248b20dcc4c3b27a/busco_downloads',
                             'force': 'False',
                             'in': '/lustre/scratch124/tol/projects/darwin/users/kk16/development/nextflow/dev/genomeassembly/work/06/5d8ceb4658862a248b20dcc4c3b27a/input_seqs',
                             'lineage_dataset': '/lustre/scratch123/tol/resources/busco/v5/lineages/insecta_odb10',
                             'main_out': '/lustre/scratch124/tol/projects/darwin/users/kk16/development/nextflow/dev/genomeassembly/modules/nf-core/busco/iyVesGerm1-insecta_odb10-busco',
                             'mode': 'genome',
                             'offline': 'False',
                             'out': 'iyVesGerm1-insecta_odb10-busco',
                             'out_path': '/lustre/scratch124/tol/projects/darwin/users/kk16/development/nextflow/dev/genomeassembly/modules/nf-core/busco',
                             'quiet': 'False',
                             'restart': 'False',
                             'tar': 'False',
                             'update-data': 'False',
                             'use_augustus': 'False'},
               'etraining': {'command': '', 'path': ''},
               'gff2gbSmallDNA.pl': {'command': '', 'path': ''},
               'hmmsearch': {'command': '', 'path': ''},
               'makeblastdb': {'command': '', 'path': ''},
               'metaeuk': {'command': '', 'path': ''},
               'new_species.pl': {'command': '', 'path': ''},
               'optimize_augustus.pl': {'command': '', 'path': ''},
               'prodigal': {'command': '', 'path': ''},
               'sepp': {'command': '', 'path': ''},
               'tblastn': {'command': '', 'path': ''}},
 '_strict': True,
 'conf_file': 'local environment',
 'default_section': 'DEFAULT',
 'downloader': <busco.BuscoDownloadManager.BuscoDownloadManager object at 0x7fb477f15520>,
 'main_out': '/lustre/scratch124/tol/projects/darwin/users/kk16/development/nextflow/dev/genomeassembly/modules/nf-core/busco/iyVesGerm1-insecta_odb10-busco',
 'params': {'augustus_parameters': None,
            'augustus_species': None,
            'auto-lineage': False,
            'auto-lineage-euk': False,
            'auto-lineage-prok': False,
            'config_file': None,
            'contig_break': None,
            'cpu': 2,
            'datasets_version': None,
            'download': '==SUPPRESS==',
            'download_base_url': None,
            'download_path': None,
            'evalue': None,
            'force': False,
            'help': '==SUPPRESS==',
            'in': 'input_seqs',
            'limit': None,
            'lineage_dataset': '/lustre/scratch123/tol/resources/busco/v5/lineages/insecta_odb10',
            'list_datasets': '==SUPPRESS==',
            'long': False,
            'metaeuk_parameters': None,
            'metaeuk_rerun_parameters': None,
            'mode': 'genome',
            'offline': False,
            'out': 'iyVesGerm1-insecta_odb10-busco',
            'out_path': '/lustre/scratch124/tol/projects/darwin/users/kk16/development/nextflow/dev/genomeassembly/./workflows/../subworkflows/local/../../modules/nf-core/busco',
            'quiet': False,
            'restart': False,
            'scaffold_composition': False,
            'tar': False,
            'update-data': False,
            'use_augustus': False,
            'version': '==SUPPRESS=='}}
2023-03-31 12:35:32 INFO:busco.BuscoRunner	Running in batch mode. 1 input files found in /lustre/scratch124/tol/projects/darwin/users/kk16/development/nextflow/dev/genomeassembly/work/06/5d8ceb4658862a248b20dcc4c3b27a/input_seqs
2023-03-31 12:35:32 INFO:busco.BuscoRunner	Input file is /lustre/scratch124/tol/projects/darwin/users/kk16/development/nextflow/dev/genomeassembly/work/06/5d8ceb4658862a248b20dcc4c3b27a/input_seqs/iyVesGerm1_scaffolds_final.fa
2023-03-31 12:35:32 ERROR:busco.BuscoRunner	/lustre/scratch123/tol/resources/busco/v5/lineages/insecta_odb10 does not exist
